<?xml version="1.0" encoding="UTF-8"?>
<testng-results skipped="0" failed="1" total="8" passed="7">
  <reporter-output>
  </reporter-output>
  <suite name="Suite" duration-ms="102509" started-at="2020-01-20T16:00:24Z" finished-at="2020-01-20T16:02:07Z">
    <groups>
    </groups>
    <test name="Test" duration-ms="102509" started-at="2020-01-20T16:00:24Z" finished-at="2020-01-20T16:02:07Z">
      <class name="example.NewTest">
        <test-method status="PASS" signature="beforeTest()[pri:0, instance:example.NewTest@1794d431]" name="beforeTest" is-config="true" duration-ms="32335" started-at="2020-01-20T21:30:24Z" finished-at="2020-01-20T21:30:57Z">
          <reporter-output>
          </reporter-output>
        </test-method> <!-- beforeTest -->
        <test-method status="PASS" signature="DataCheck(int, boolean)[pri:0, instance:example.NewTest@1794d431]" name="DataCheck" duration-ms="125" started-at="2020-01-20T21:30:57Z" data-provider="Datacheck" finished-at="2020-01-20T21:30:57Z">
          <params>
            <param index="0">
              <value>
                <![CDATA[2]]>
              </value>
            </param>
            <param index="1">
              <value>
                <![CDATA[true]]>
              </value>
            </param>
          </params>
          <reporter-output>
          </reporter-output>
        </test-method> <!-- DataCheck -->
        <test-method status="PASS" signature="DataCheck(int, boolean)[pri:0, instance:example.NewTest@1794d431]" name="DataCheck" duration-ms="3" started-at="2020-01-20T21:30:57Z" data-provider="Datacheck" finished-at="2020-01-20T21:30:57Z">
          <params>
            <param index="0">
              <value>
                <![CDATA[6]]>
              </value>
            </param>
            <param index="1">
              <value>
                <![CDATA[true]]>
              </value>
            </param>
          </params>
          <reporter-output>
          </reporter-output>
        </test-method> <!-- DataCheck -->
        <test-method status="PASS" signature="DataCheck(int, boolean)[pri:0, instance:example.NewTest@1794d431]" name="DataCheck" duration-ms="1" started-at="2020-01-20T21:30:57Z" data-provider="Datacheck" finished-at="2020-01-20T21:30:57Z">
          <params>
            <param index="0">
              <value>
                <![CDATA[19]]>
              </value>
            </param>
            <param index="1">
              <value>
                <![CDATA[true]]>
              </value>
            </param>
          </params>
          <reporter-output>
          </reporter-output>
        </test-method> <!-- DataCheck -->
        <test-method status="PASS" signature="DataCheck(int, boolean)[pri:0, instance:example.NewTest@1794d431]" name="DataCheck" duration-ms="1" started-at="2020-01-20T21:30:57Z" data-provider="Datacheck" finished-at="2020-01-20T21:30:57Z">
          <params>
            <param index="0">
              <value>
                <![CDATA[22]]>
              </value>
            </param>
            <param index="1">
              <value>
                <![CDATA[true]]>
              </value>
            </param>
          </params>
          <reporter-output>
          </reporter-output>
        </test-method> <!-- DataCheck -->
        <test-method status="PASS" signature="DataCheck(int, boolean)[pri:0, instance:example.NewTest@1794d431]" name="DataCheck" duration-ms="1" started-at="2020-01-20T21:30:57Z" data-provider="Datacheck" finished-at="2020-01-20T21:30:57Z">
          <params>
            <param index="0">
              <value>
                <![CDATA[23]]>
              </value>
            </param>
            <param index="1">
              <value>
                <![CDATA[true]]>
              </value>
            </param>
          </params>
          <reporter-output>
          </reporter-output>
        </test-method> <!-- DataCheck -->
        <test-method status="PASS" signature="Excelread(java.lang.String, java.lang.String)[pri:0, instance:example.NewTest@1794d431]" name="Excelread" duration-ms="5" started-at="2020-01-20T21:31:51Z" data-provider="TestData" finished-at="2020-01-20T21:31:51Z">
          <params>
            <param index="0">
              <value>
                <![CDATA[Saravanan]]>
              </value>
            </param>
            <param index="1">
              <value>
                <![CDATA[30-10-1995]]>
              </value>
            </param>
          </params>
          <reporter-output>
          </reporter-output>
        </test-method> <!-- Excelread -->
        <test-method status="PASS" signature="Excelread(java.lang.String, java.lang.String)[pri:0, instance:example.NewTest@1794d431]" name="Excelread" duration-ms="4" started-at="2020-01-20T21:31:51Z" data-provider="TestData" finished-at="2020-01-20T21:31:51Z">
          <params>
            <param index="0">
              <value>
                <![CDATA[SabariNathan]]>
              </value>
            </param>
            <param index="1">
              <value>
                <![CDATA[25-12-1989]]>
              </value>
            </param>
          </params>
          <reporter-output>
          </reporter-output>
        </test-method> <!-- Excelread -->
        <test-method status="FAIL" signature="testEasy(java.lang.String)[pri:0, instance:example.NewTest@1794d431]" name="testEasy" duration-ms="14220" started-at="2020-01-20T21:31:51Z" finished-at="2020-01-20T21:32:05Z">
          <params>
            <param index="0">
              <value>
                <![CDATA[SuiteSuccess]]>
              </value>
            </param>
          </params>
          <exception class="org.openqa.selenium.WebDriverException">
            <message>
              <![CDATA[chrome not reachable
  (Session info: chrome=79.0.3945.117)
  (Driver info: chromedriver=78.0.3904.70 (edb9c9f3de0247fd912a77b7f6cae7447f6d3ad5-refs/branch-heads/3904@{#800}),platform=Windows NT 10.0.18362 x86_64) (WARNING: The server did not provide any stacktrace information)
Command duration or timeout: 14.13 seconds
Build info: version: '2.45.0', revision: '5017cb8e7ca8e37638dc3091b2440b90a1d8686f', time: '2015-02-27 09:10:26'
System info: host: 'DESKTOP-569G7M4', ip: '192.168.0.106', os.name: 'Windows 8.1', os.arch: 'amd64', os.version: '6.3', java.version: '1.8.0_40'
Driver info: org.openqa.selenium.chrome.ChromeDriver
Capabilities [{mobileEmulationEnabled=false, timeouts={implicit=0, pageLoad=300000, script=30000}, hasTouchScreen=false, platform=WIN8_1, acceptSslCerts=false, goog:chromeOptions={debuggerAddress=localhost:52493}, acceptInsecureCerts=false, webStorageEnabled=true, browserName=chrome, takesScreenshot=true, javascriptEnabled=true, setWindowRect=true, unexpectedAlertBehaviour=ignore, applicationCacheEnabled=false, rotatable=false, networkConnectionEnabled=false, chrome={chromedriverVersion=78.0.3904.70 (edb9c9f3de0247fd912a77b7f6cae7447f6d3ad5-refs/branch-heads/3904@{#800}), userDataDir=C:\Users\pc\AppData\Local\Temp\scoped_dir1712_311215480}, takesHeapSnapshot=true, pageLoadStrategy=normal, strictFileInteractability=false, databaseEnabled=false, handlesAlerts=true, version=79.0.3945.117, browserConnectionEnabled=false, proxy={}, nativeEvents=true, locationContextEnabled=true, cssSelectorsEnabled=true}]
Session ID: 8085a7eebeeff8a9dc6046e64f81febc]]>
            </message>
            <full-stacktrace>
              <![CDATA[org.openqa.selenium.WebDriverException: chrome not reachable
  (Session info: chrome=79.0.3945.117)
  (Driver info: chromedriver=78.0.3904.70 (edb9c9f3de0247fd912a77b7f6cae7447f6d3ad5-refs/branch-heads/3904@{#800}),platform=Windows NT 10.0.18362 x86_64) (WARNING: The server did not provide any stacktrace information)
Command duration or timeout: 14.13 seconds
Build info: version: '2.45.0', revision: '5017cb8e7ca8e37638dc3091b2440b90a1d8686f', time: '2015-02-27 09:10:26'
System info: host: 'DESKTOP-569G7M4', ip: '192.168.0.106', os.name: 'Windows 8.1', os.arch: 'amd64', os.version: '6.3', java.version: '1.8.0_40'
Driver info: org.openqa.selenium.chrome.ChromeDriver
Capabilities [{mobileEmulationEnabled=false, timeouts={implicit=0, pageLoad=300000, script=30000}, hasTouchScreen=false, platform=WIN8_1, acceptSslCerts=false, goog:chromeOptions={debuggerAddress=localhost:52493}, acceptInsecureCerts=false, webStorageEnabled=true, browserName=chrome, takesScreenshot=true, javascriptEnabled=true, setWindowRect=true, unexpectedAlertBehaviour=ignore, applicationCacheEnabled=false, rotatable=false, networkConnectionEnabled=false, chrome={chromedriverVersion=78.0.3904.70 (edb9c9f3de0247fd912a77b7f6cae7447f6d3ad5-refs/branch-heads/3904@{#800}), userDataDir=C:\Users\pc\AppData\Local\Temp\scoped_dir1712_311215480}, takesHeapSnapshot=true, pageLoadStrategy=normal, strictFileInteractability=false, databaseEnabled=false, handlesAlerts=true, version=79.0.3945.117, browserConnectionEnabled=false, proxy={}, nativeEvents=true, locationContextEnabled=true, cssSelectorsEnabled=true}]
Session ID: 8085a7eebeeff8a9dc6046e64f81febc
	at sun.reflect.NativeConstructorAccessorImpl.newInstance0(Native Method)
	at sun.reflect.NativeConstructorAccessorImpl.newInstance(Unknown Source)
	at sun.reflect.DelegatingConstructorAccessorImpl.newInstance(Unknown Source)
	at java.lang.reflect.Constructor.newInstance(Unknown Source)
	at org.openqa.selenium.remote.ErrorHandler.createThrowable(ErrorHandler.java:204)
	at org.openqa.selenium.remote.ErrorHandler.throwIfResponseFailed(ErrorHandler.java:156)
	at org.openqa.selenium.remote.RemoteWebDriver.execute(RemoteWebDriver.java:599)
	at org.openqa.selenium.remote.RemoteWebDriver.get(RemoteWebDriver.java:304)
	at example.NewTest.testEasy(NewTest.java:24)
	at sun.reflect.NativeMethodAccessorImpl.invoke0(Native Method)
	at sun.reflect.NativeMethodAccessorImpl.invoke(Unknown Source)
	at sun.reflect.DelegatingMethodAccessorImpl.invoke(Unknown Source)
	at java.lang.reflect.Method.invoke(Unknown Source)
	at org.testng.internal.MethodInvocationHelper.invokeMethod(MethodInvocationHelper.java:84)
	at org.testng.internal.Invoker.invokeMethod(Invoker.java:714)
	at org.testng.internal.Invoker.invokeTestMethod(Invoker.java:901)
	at org.testng.internal.Invoker.invokeTestMethods(Invoker.java:1231)
	at org.testng.internal.TestMethodWorker.invokeTestMethods(TestMethodWorker.java:127)
	at org.testng.internal.TestMethodWorker.run(TestMethodWorker.java:111)
	at org.testng.TestRunner.privateRun(TestRunner.java:767)
	at org.testng.TestRunner.run(TestRunner.java:617)
	at org.testng.SuiteRunner.runTest(SuiteRunner.java:348)
	at org.testng.SuiteRunner.runSequentially(SuiteRunner.java:343)
	at org.testng.SuiteRunner.privateRun(SuiteRunner.java:305)
	at org.testng.SuiteRunner.run(SuiteRunner.java:254)
	at org.testng.SuiteRunnerWorker.runSuite(SuiteRunnerWorker.java:52)
	at org.testng.SuiteRunnerWorker.run(SuiteRunnerWorker.java:86)
	at org.testng.TestNG.runSuitesSequentially(TestNG.java:1224)
	at org.testng.TestNG.runSuitesLocally(TestNG.java:1149)
	at org.testng.TestNG.run(TestNG.java:1057)
	at org.testng.remote.AbstractRemoteTestNG.run(AbstractRemoteTestNG.java:115)
	at org.testng.remote.RemoteTestNG.initAndRun(RemoteTestNG.java:251)
	at org.testng.remote.RemoteTestNG.main(RemoteTestNG.java:77)
]]>
            </full-stacktrace>
          </exception> <!-- org.openqa.selenium.WebDriverException -->
          <reporter-output>
          </reporter-output>
        </test-method> <!-- testEasy -->
        <test-method status="PASS" signature="afterTest()[pri:0, instance:example.NewTest@1794d431]" name="afterTest" is-config="true" duration-ms="1053" started-at="2020-01-20T21:32:06Z" finished-at="2020-01-20T21:32:07Z">
          <reporter-output>
          </reporter-output>
        </test-method> <!-- afterTest -->
      </class> <!-- example.NewTest -->
    </test> <!-- Test -->
  </suite> <!-- Suite -->
</testng-results>
