<?xml version="1.0" encoding="UTF-8"?>
<!-- Generated by org.testng.reporters.JUnitXMLReporter -->
<testsuite hostname="DESKTOP-569G7M4" name="Default test" tests="6" failures="0" timestamp="5 Jan 2020 14:56:22 GMT" time="16.401" errors="0">
  <testcase name="DataCheck" time="0.034" classname="example.NewTest"/>
  <testcase name="DataCheck" time="0.015" classname="example.NewTest"/>
  <testcase name="DataCheck" time="0.0" classname="example.NewTest"/>
  <testcase name="DataCheck" time="0.0" classname="example.NewTest"/>
  <testcase name="DataCheck" time="0.0" classname="example.NewTest"/>
  <testcase name="Excelread" time="6.438" classname="example.NewTest">
    <skipped/>
  </testcase> <!-- Excelread -->
</testsuite> <!-- Default test -->
